<?xml version="1.0" encoding="UTF-8"?>
<!-- Generated by org.testng.reporters.JUnitReportReporter -->
<testsuite skipped="0" hostname="pc" name="kdf.Application" tests="1" failures="0" timestamp="22 Nov 2017 04:34:48 GMT" time="34.943" errors="0">
  <testcase name="testApplications" time="34.943" classname="kdf.Application"/>
</testsuite> <!-- kdf.Application -->
